<?xml version="1.0" encoding="UTF-8"?>
<!-- Generated by org.testng.reporters.JUnitXMLReporter -->
<testsuite ignored="0" hostname="NEW375-G6" failures="0" tests="4" name="Default test" time="0.074" errors="0" timestamp="21 Sep 2021 17:19:05 GMT">
  <testcase classname="com.demo.DemoTest" name="div" time="0.019"/>
  <testcase classname="com.demo.DemoTest" name="mul" time="0.002"/>
  <testcase classname="com.demo.DemoTest" name="sub" time="0.002"/>
  <testcase classname="com.demo.DemoTest" name="sum" time="0.001"/>
</testsuite> <!-- Default test -->
