<?xml version="1.0" encoding="UTF-8"?>
<testng-results ignored="0" total="4" passed="4" failed="0" skipped="0">
  <reporter-output>
  </reporter-output>
  <suite started-at="2021-09-21T17:19:05Z" name="Default suite" finished-at="2021-09-21T17:19:05Z" duration-ms="74">
    <groups>
    </groups>
    <test started-at="2021-09-21T17:19:05Z" name="Default test" finished-at="2021-09-21T17:19:05Z" duration-ms="74">
      <class name="com.demo.DemoTest">
        <test-method signature="div()[pri:0, instance:com.demo.DemoTest@51c693d]" started-at="2021-09-21T17:19:05Z" name="div" finished-at="2021-09-21T17:19:05Z" duration-ms="19" status="PASS">
          <reporter-output>
          </reporter-output>
        </test-method> <!-- div -->
        <test-method signature="mul()[pri:0, instance:com.demo.DemoTest@51c693d]" started-at="2021-09-21T17:19:05Z" name="mul" finished-at="2021-09-21T17:19:05Z" duration-ms="2" status="PASS">
          <reporter-output>
          </reporter-output>
        </test-method> <!-- mul -->
        <test-method signature="sub()[pri:0, instance:com.demo.DemoTest@51c693d]" started-at="2021-09-21T17:19:05Z" name="sub" finished-at="2021-09-21T17:19:05Z" duration-ms="2" status="PASS">
          <reporter-output>
          </reporter-output>
        </test-method> <!-- sub -->
        <test-method signature="sum()[pri:0, instance:com.demo.DemoTest@51c693d]" started-at="2021-09-21T17:19:05Z" name="sum" finished-at="2021-09-21T17:19:05Z" duration-ms="1" status="PASS">
          <reporter-output>
          </reporter-output>
        </test-method> <!-- sum -->
      </class> <!-- com.demo.DemoTest -->
    </test> <!-- Default test -->
  </suite> <!-- Default suite -->
</testng-results>
